<?xml version="1.0" encoding="UTF-8"?>
<testng-results skipped="0" failed="0" total="1" passed="1">
  <reporter-output>
  </reporter-output>
  <suite name="MyAPITestSuite" duration-ms="8335" started-at="2017-09-14T04:56:36Z" finished-at="2017-09-14T04:56:44Z">
    <groups>
    </groups>
    <test name="APITestCase" duration-ms="8335" started-at="2017-09-14T04:56:36Z" finished-at="2017-09-14T04:56:44Z">
      <class name="com.ihuoli.SimpleTest">
        <test-method status="PASS" signature="beforeClass()[pri:0, instance:com.ihuoli.SimpleTest@5594a1b5]" name="beforeClass" is-config="true" duration-ms="28" started-at="2017-09-14T12:56:36Z" finished-at="2017-09-14T12:56:36Z">
          <reporter-output>
          </reporter-output>
        </test-method> <!-- beforeClass -->
        <test-method status="PASS" signature="level1()[pri:0, instance:com.ihuoli.SimpleTest@5594a1b5]" name="level1" duration-ms="7631" started-at="2017-09-14T12:56:36Z" finished-at="2017-09-14T12:56:43Z">
          <reporter-output>
          </reporter-output>
        </test-method> <!-- level1 -->
        <test-method status="PASS" signature="afterClass()[pri:0, instance:com.ihuoli.SimpleTest@5594a1b5]" name="afterClass" is-config="true" duration-ms="1" started-at="2017-09-14T12:56:44Z" finished-at="2017-09-14T12:56:44Z">
          <reporter-output>
          </reporter-output>
        </test-method> <!-- afterClass -->
      </class> <!-- com.ihuoli.SimpleTest -->
    </test> <!-- APITestCase -->
  </suite> <!-- MyAPITestSuite -->
</testng-results>
